<?xml version="1.0" encoding="UTF-8"?>
<!-- Generated by org.testng.reporters.JUnitReportReporter -->
<testsuite hostname="DESKTOP-HSAP4I8" failures="0" tests="2" name="Testing.Tests.ValidateThatUserCanMakeOrder" time="50.937" errors="0" timestamp="2025-05-11T05:25:52 EEST" skipped="0">
  <testcase classname="Testing.Tests.ValidateThatUserCanMakeOrder" name="submitOrder" time="42.029"/>
  <testcase classname="Testing.Tests.ValidateThatUserCanMakeOrder" name="orderHistoryTest" time="8.908"/>
</testsuite> <!-- Testing.Tests.ValidateThatUserCanMakeOrder -->
