<?xml version="1.0" encoding="UTF-8"?>
<!-- Generated by org.testng.reporters.JUnitReportReporter -->
<testsuite hostname="DESKTOP-HSAP4I8" failures="0" tests="1" name="Testing.Tests.ValidDataToRegister" time="22.327" errors="0" timestamp="2025-05-11T05:25:52 EEST" skipped="0">
  <testcase classname="Testing.Tests.ValidDataToRegister" name="TestValidData" time="22.327"/>
</testsuite> <!-- Testing.Tests.ValidDataToRegister -->
